[2026-05-13 13:35:22] editlog start  
-------------------------
[2026-05-13 13:35:22] перевірки пройшли  
-------------------------
[2026-05-13 13:35:22] updateReading  Array
(
    [success] => 1
    [delta] => 0
    [movements_created] => 0
    [recalculated] => 0
)

-------------------------
[2026-05-13 13:35:28] editlog start  
-------------------------
[2026-05-13 13:35:28] перевірки пройшли  
-------------------------
[2026-05-13 13:35:28] updateReading  Array
(
    [success] => 1
    [delta] => 0
    [movements_created] => 0
    [recalculated] => 0
)

-------------------------
[2026-05-13 13:35:36] editlog start  
-------------------------
[2026-05-13 13:35:36] перевірки пройшли  
-------------------------
[2026-05-13 13:35:36] updateReading  Array
(
    [success] => 1
    [delta] => 0
    [movements_created] => 0
    [recalculated] => 0
)

-------------------------
[2026-05-13 14:07:15] editlog start  
-------------------------
[2026-05-13 14:07:15] перевірки пройшли  
-------------------------
[2026-05-13 14:07:15] updateReading  Array
(
    [success] => 1
    [log_id] => 30
    [delta] => 30
    [movements_created] => 5
)

-------------------------
[2026-05-13 15:02:59] editlog start  
-------------------------
[2026-05-13 15:02:59] перевірки пройшли  
-------------------------
[2026-05-13 15:02:59] updateReading  Array
(
    [success] => 1
    [log_id] => 33
    [delta] => 451
    [movements_created] => 2
    [recalculated] => 1
)

-------------------------
